<?xml version="1.0" encoding="UTF-8"?>
<!-- Generated by org.testng.reporters.JUnitReportReporter -->
<testsuite hostname="POSORIO00879" name="test_classes.TestProvideFeedBack" tests="1" failures="0" timestamp="4 Apr 2017 17:09:33 GMT" time="118.937" errors="0">
  <testcase name="setup" time="118.937" classname="test_classes.TestProvideFeedBack"/>
</testsuite> <!-- test_classes.TestProvideFeedBack -->
