<?xml version="1.0" encoding="UTF-8"?>
<!-- Generated by org.testng.reporters.JUnitReportReporter -->
<testsuite hostname="POSORIO00879" name="Test.TestProvideFeedBack" tests="1" failures="0" timestamp="29 Mar 2017 16:34:01 GMT" time="101.667" errors="0">
  <testcase name="setup" time="101.667" classname="Test.TestProvideFeedBack"/>
</testsuite> <!-- Test.TestProvideFeedBack -->
