<?xml version="1.0" encoding="UTF-8"?>
<!-- Generated by org.testng.reporters.JUnitReportReporter -->
<testsuite hostname="POSORIO00879" name="SanityFeedBack.Main_SanityFeedBack" tests="1" failures="0" timestamp="22 Mar 2017 15:40:56 GMT" time="0.136" errors="0">
  <testcase name="FBackSubmit" time="0.136" classname="SanityFeedBack.Main_SanityFeedBack"/>
</testsuite> <!-- SanityFeedBack.Main_SanityFeedBack -->
